This file contains any messages produced by compilers while
running configure, to aid debugging if configure makes a mistake.

It was created by Loris configure 1.8, which was
generated by GNU Autoconf 2.63.  Invocation command line was

  $ configure 

## --------- ##
## Platform. ##
## --------- ##

hostname = edudell
uname -m = i686
uname -r = 1.0.12(0.46/3/2)
uname -s = MINGW32_NT-6.1
uname -v = 2011-07-20 17:52

/usr/bin/uname -p = unknown
/bin/uname -X     = unknown

/bin/arch              = unknown
/usr/bin/arch -k       = unknown
/usr/convex/getsysinfo = unknown
/usr/bin/hostinfo      = unknown
/bin/machine           = unknown
/usr/bin/oslevel       = unknown
/bin/universe          = unknown

PATH: /c/Program Files/ConEmu/ConEmu
PATH: /c/bin
PATH: /c/Python27/Lib/site-packages/PyQt4
PATH: /c/MinGW/bin
PATH: /c/Windows/system32
PATH: /c/Windows
PATH: /c/Windows/System32/Wbem
PATH: /c/Windows/System32/WindowsPowerShell/v1.0/
PATH: /c/Python27
PATH: /c/Program Files (x86)/QuickTime/QTSystem/
PATH: /c/Program Files (x86)/Csound/bin
PATH: /c/Program Files/LinuxSampler
PATH: /c/Program Files/LinuxSampler/64
PATH: /c/Program Files/LinuxSampler/32
PATH: /cmd
PATH: /bin
PATH: /c/bin
PATH: /c/MinGW/bin
PATH: /c/cygwin/bin
PATH: /c/Python27/Scripts


## ----------- ##
## Core tests. ##
## ----------- ##

configure:2145: checking for a BSD-compatible install
configure:2213: result: /c/cygwin/bin/install -c
configure:2224: checking whether build environment is sane
configure:2284: result: yes
configure:2425: checking for a thread-safe mkdir -p
configure:2464: result: /bin/mkdir -p
configure:2477: checking for gawk
configure:2493: found /bin/gawk
configure:2504: result: gawk
configure:2515: checking whether make sets $(MAKE)
configure:2541: result: no
configure:2625: result: ----- Package Name And Version -----
configure:2628: result: this is Loris 1.8
configure:2644: result: ----- Program Checks -----
configure:2704: checking for g++
configure:2720: found /c/MinGW/bin/g++
configure:2731: result: g++
configure:2758: checking for C++ compiler version
configure:2766: g++ --version >&5
g++.exe (GCC) 4.6.2
Copyright (C) 2011 Free Software Foundation, Inc.
This is free software; see the source for copying conditions.  There is NO
warranty; not even for MERCHANTABILITY or FITNESS FOR A PARTICULAR PURPOSE.

configure:2770: $? = 0
configure:2777: g++ -v >&5
Using built-in specs.
COLLECT_GCC=c:\MinGW\bin\g++.exe
COLLECT_LTO_WRAPPER=c:/mingw/bin/../libexec/gcc/mingw32/4.6.2/lto-wrapper.exe
Target: mingw32
Configured with: ../gcc-4.6.2/configure --enable-languages=c,c++,ada,fortran,objc,obj-c++ --disable-sjlj-exceptions --with-dwarf2 --enable-shared --enable-libgomp --disable-win32-registry --enable-libstdcxx-debug --enable-version-specific-runtime-libs --build=mingw32 --prefix=/mingw
Thread model: win32
gcc version 4.6.2 (GCC) 
configure:2781: $? = 0
configure:2788: g++ -V >&5
g++.exe: error: unrecognized option '-V'
g++.exe: fatal error: no input files
compilation terminated.
configure:2792: $? = 1
configure:2815: checking for C++ compiler default output file name
configure:2837: g++    conftest.cpp  >&5
configure:2841: $? = 0
configure:2879: result: a.exe
configure:2898: checking whether the C++ compiler works
configure:2908: ./a.exe
configure:2912: $? = 0
configure:2931: result: yes
configure:2938: checking whether we are cross compiling
configure:2940: result: no
configure:2943: checking for suffix of executables
configure:2950: g++ -o conftest.exe    conftest.cpp  >&5
configure:2954: $? = 0
configure:2980: result: .exe
configure:2986: checking for suffix of object files
configure:3012: g++ -c   conftest.cpp >&5
configure:3016: $? = 0
configure:3041: result: o
configure:3045: checking whether we are using the GNU C++ compiler
configure:3074: g++ -c   conftest.cpp >&5
configure:3081: $? = 0
configure:3098: result: yes
configure:3107: checking whether g++ accepts -g
configure:3137: g++ -c -g  conftest.cpp >&5
configure:3144: $? = 0
configure:3245: result: yes
configure:3279: checking for style of include used by make
configure:3307: result: none
configure:3332: checking dependency style of g++
configure:3442: result: none
configure:3535: checking build system type
configure:3553: result: i686-pc-mingw32
configure:3575: checking host system type
configure:3590: result: i686-pc-mingw32
configure:3660: checking for gcc
configure:3676: found /c/MinGW/bin/gcc
configure:3687: result: gcc
configure:3919: checking for C compiler version
configure:3927: gcc --version >&5
gcc.exe (GCC) 4.6.2
Copyright (C) 2011 Free Software Foundation, Inc.
This is free software; see the source for copying conditions.  There is NO
warranty; not even for MERCHANTABILITY or FITNESS FOR A PARTICULAR PURPOSE.

configure:3931: $? = 0
configure:3938: gcc -v >&5
Using built-in specs.
COLLECT_GCC=c:\MinGW\bin\gcc.exe
COLLECT_LTO_WRAPPER=c:/mingw/bin/../libexec/gcc/mingw32/4.6.2/lto-wrapper.exe
Target: mingw32
Configured with: ../gcc-4.6.2/configure --enable-languages=c,c++,ada,fortran,objc,obj-c++ --disable-sjlj-exceptions --with-dwarf2 --enable-shared --enable-libgomp --disable-win32-registry --enable-libstdcxx-debug --enable-version-specific-runtime-libs --build=mingw32 --prefix=/mingw
Thread model: win32
gcc version 4.6.2 (GCC) 
configure:3942: $? = 0
configure:3949: gcc -V >&5
gcc.exe: error: unrecognized option '-V'
gcc.exe: fatal error: no input files
compilation terminated.
configure:3953: $? = 1
configure:3956: checking whether we are using the GNU C compiler
configure:3985: gcc -c   conftest.c >&5
configure:3992: $? = 0
configure:4009: result: yes
configure:4018: checking whether gcc accepts -g
configure:4048: gcc -c -g  conftest.c >&5
configure:4055: $? = 0
configure:4156: result: yes
configure:4173: checking for gcc option to accept ISO C89
configure:4247: gcc  -c -g -O2  conftest.c >&5
configure:4254: $? = 0
configure:4277: result: none needed
configure:4297: checking dependency style of gcc
configure:4407: result: none
configure:4422: checking for a sed that does not truncate output
configure:4478: result: /bin/sed
configure:4481: checking for grep that handles long lines and -e
configure:4541: result: /bin/grep
configure:4546: checking for egrep
configure:4610: result: /bin/grep -E
configure:4626: checking for ld used by gcc
configure:4693: result: c:/mingw/mingw32/bin/ld.exe
configure:4702: checking if the linker (c:/mingw/mingw32/bin/ld.exe) is GNU ld
configure:4717: result: yes
configure:4722: checking for c:/mingw/mingw32/bin/ld.exe option to reload object files
configure:4729: result: -r
configure:4747: checking for BSD-compatible nm
configure:4796: result: /c/MinGW/bin/nm
configure:4800: checking whether ln -s works
configure:4807: result: no, using cp -p
configure:4811: checking how to recognize dependent libraries
configure:4997: result: file_magic ^x86 archive import|^x86 DLL
configure:5246: checking how to run the C preprocessor
configure:5286: gcc -E  conftest.c
configure:5293: $? = 0
configure:5324: gcc -E  conftest.c
conftest.c:10:28: fatal error: ac_nonexistent.h: No such file or directory
compilation terminated.
configure:5331: $? = 1
configure: failed program was:
| /* confdefs.h.  */
| #define PACKAGE_NAME "Loris"
| #define PACKAGE_TARNAME "loris"
| #define PACKAGE_VERSION "1.8"
| #define PACKAGE_STRING "Loris 1.8"
| #define PACKAGE_BUGREPORT "loris@cerlsoundgroup.org"
| #define PACKAGE "loris"
| #define VERSION "1.8"
| /* end confdefs.h.  */
| #include <ac_nonexistent.h>
configure:5364: result: gcc -E
configure:5393: gcc -E  conftest.c
configure:5400: $? = 0
configure:5431: gcc -E  conftest.c
conftest.c:10:28: fatal error: ac_nonexistent.h: No such file or directory
compilation terminated.
configure:5438: $? = 1
configure: failed program was:
| /* confdefs.h.  */
| #define PACKAGE_NAME "Loris"
| #define PACKAGE_TARNAME "loris"
| #define PACKAGE_VERSION "1.8"
| #define PACKAGE_STRING "Loris 1.8"
| #define PACKAGE_BUGREPORT "loris@cerlsoundgroup.org"
| #define PACKAGE "loris"
| #define VERSION "1.8"
| /* end confdefs.h.  */
| #include <ac_nonexistent.h>
configure:5478: checking for ANSI C header files
configure:5508: gcc -c -g -O2  conftest.c >&5
configure:5515: $? = 0
configure:5614: gcc -o conftest.exe -g -O2   conftest.c  >&5
configure:5618: $? = 0
configure:5624: ./conftest.exe
configure:5628: $? = 0
configure:5646: result: yes
configure:5670: checking for sys/types.h
configure:5691: gcc -c -g -O2  conftest.c >&5
configure:5698: $? = 0
configure:5715: result: yes
configure:5670: checking for sys/stat.h
configure:5691: gcc -c -g -O2  conftest.c >&5
configure:5698: $? = 0
configure:5715: result: yes
configure:5670: checking for stdlib.h
configure:5691: gcc -c -g -O2  conftest.c >&5
configure:5698: $? = 0
configure:5715: result: yes
configure:5670: checking for string.h
configure:5691: gcc -c -g -O2  conftest.c >&5
configure:5698: $? = 0
configure:5715: result: yes
configure:5670: checking for memory.h
configure:5691: gcc -c -g -O2  conftest.c >&5
configure:5698: $? = 0
configure:5715: result: yes
configure:5670: checking for strings.h
configure:5691: gcc -c -g -O2  conftest.c >&5
configure:5698: $? = 0
configure:5715: result: yes
configure:5670: checking for inttypes.h
configure:5691: gcc -c -g -O2  conftest.c >&5
configure:5698: $? = 0
configure:5715: result: yes
configure:5670: checking for stdint.h
configure:5691: gcc -c -g -O2  conftest.c >&5
configure:5698: $? = 0
configure:5715: result: yes
configure:5670: checking for unistd.h
configure:5691: gcc -c -g -O2  conftest.c >&5
configure:5698: $? = 0
configure:5715: result: yes
configure:5745: checking dlfcn.h usability
configure:5762: gcc -c -g -O2  conftest.c >&5
conftest.c:53:19: fatal error: dlfcn.h: No such file or directory
compilation terminated.
configure:5769: $? = 1
configure: failed program was:
| /* confdefs.h.  */
| #define PACKAGE_NAME "Loris"
| #define PACKAGE_TARNAME "loris"
| #define PACKAGE_VERSION "1.8"
| #define PACKAGE_STRING "Loris 1.8"
| #define PACKAGE_BUGREPORT "loris@cerlsoundgroup.org"
| #define PACKAGE "loris"
| #define VERSION "1.8"
| #define STDC_HEADERS 1
| #define HAVE_SYS_TYPES_H 1
| #define HAVE_SYS_STAT_H 1
| #define HAVE_STDLIB_H 1
| #define HAVE_STRING_H 1
| #define HAVE_MEMORY_H 1
| #define HAVE_STRINGS_H 1
| #define HAVE_INTTYPES_H 1
| #define HAVE_STDINT_H 1
| #define HAVE_UNISTD_H 1
| /* end confdefs.h.  */
| #include <stdio.h>
| #ifdef HAVE_SYS_TYPES_H
| # include <sys/types.h>
| #endif
| #ifdef HAVE_SYS_STAT_H
| # include <sys/stat.h>
| #endif
| #ifdef STDC_HEADERS
| # include <stdlib.h>
| # include <stddef.h>
| #else
| # ifdef HAVE_STDLIB_H
| #  include <stdlib.h>
| # endif
| #endif
| #ifdef HAVE_STRING_H
| # if !defined STDC_HEADERS && defined HAVE_MEMORY_H
| #  include <memory.h>
| # endif
| # include <string.h>
| #endif
| #ifdef HAVE_STRINGS_H
| # include <strings.h>
| #endif
| #ifdef HAVE_INTTYPES_H
| # include <inttypes.h>
| #endif
| #ifdef HAVE_STDINT_H
| # include <stdint.h>
| #endif
| #ifdef HAVE_UNISTD_H
| # include <unistd.h>
| #endif
| #include <dlfcn.h>
configure:5783: result: no
configure:5787: checking dlfcn.h presence
configure:5802: gcc -E  conftest.c
conftest.c:20:19: fatal error: dlfcn.h: No such file or directory
compilation terminated.
configure:5809: $? = 1
configure: failed program was:
| /* confdefs.h.  */
| #define PACKAGE_NAME "Loris"
| #define PACKAGE_TARNAME "loris"
| #define PACKAGE_VERSION "1.8"
| #define PACKAGE_STRING "Loris 1.8"
| #define PACKAGE_BUGREPORT "loris@cerlsoundgroup.org"
| #define PACKAGE "loris"
| #define VERSION "1.8"
| #define STDC_HEADERS 1
| #define HAVE_SYS_TYPES_H 1
| #define HAVE_SYS_STAT_H 1
| #define HAVE_STDLIB_H 1
| #define HAVE_STRING_H 1
| #define HAVE_MEMORY_H 1
| #define HAVE_STRINGS_H 1
| #define HAVE_INTTYPES_H 1
| #define HAVE_STDINT_H 1
| #define HAVE_UNISTD_H 1
| /* end confdefs.h.  */
| #include <dlfcn.h>
configure:5823: result: no
configure:5856: checking for dlfcn.h
configure:5865: result: no
configure:5890: checking how to run the C++ preprocessor
configure:5926: g++ -E  conftest.cpp
configure:5933: $? = 0
configure:5964: g++ -E  conftest.cpp
conftest.cpp:20:28: fatal error: ac_nonexistent.h: No such file or directory
compilation terminated.
configure:5971: $? = 1
configure: failed program was:
| /* confdefs.h.  */
| #define PACKAGE_NAME "Loris"
| #define PACKAGE_TARNAME "loris"
| #define PACKAGE_VERSION "1.8"
| #define PACKAGE_STRING "Loris 1.8"
| #define PACKAGE_BUGREPORT "loris@cerlsoundgroup.org"
| #define PACKAGE "loris"
| #define VERSION "1.8"
| #define STDC_HEADERS 1
| #define HAVE_SYS_TYPES_H 1
| #define HAVE_SYS_STAT_H 1
| #define HAVE_STDLIB_H 1
| #define HAVE_STRING_H 1
| #define HAVE_MEMORY_H 1
| #define HAVE_STRINGS_H 1
| #define HAVE_INTTYPES_H 1
| #define HAVE_STDINT_H 1
| #define HAVE_UNISTD_H 1
| /* end confdefs.h.  */
| #include <ac_nonexistent.h>
configure:6004: result: g++ -E
configure:6033: g++ -E  conftest.cpp
configure:6040: $? = 0
configure:6071: g++ -E  conftest.cpp
conftest.cpp:20:28: fatal error: ac_nonexistent.h: No such file or directory
compilation terminated.
configure:6078: $? = 1
configure: failed program was:
| /* confdefs.h.  */
| #define PACKAGE_NAME "Loris"
| #define PACKAGE_TARNAME "loris"
| #define PACKAGE_VERSION "1.8"
| #define PACKAGE_STRING "Loris 1.8"
| #define PACKAGE_BUGREPORT "loris@cerlsoundgroup.org"
| #define PACKAGE "loris"
| #define VERSION "1.8"
| #define STDC_HEADERS 1
| #define HAVE_SYS_TYPES_H 1
| #define HAVE_SYS_STAT_H 1
| #define HAVE_STDLIB_H 1
| #define HAVE_STRING_H 1
| #define HAVE_MEMORY_H 1
| #define HAVE_STRINGS_H 1
| #define HAVE_INTTYPES_H 1
| #define HAVE_STDINT_H 1
| #define HAVE_UNISTD_H 1
| /* end confdefs.h.  */
| #include <ac_nonexistent.h>
configure:6173: checking for g77
configure:6203: result: no
configure:6173: checking for xlf
configure:6203: result: no
configure:6173: checking for f77
configure:6203: result: no
configure:6173: checking for frt
configure:6203: result: no
configure:6173: checking for pgf77
configure:6203: result: no
configure:6173: checking for cf77
configure:6203: result: no
configure:6173: checking for fort77
configure:6203: result: no
configure:6173: checking for fl32
configure:6203: result: no
configure:6173: checking for af77
configure:6203: result: no
configure:6173: checking for xlf90
configure:6203: result: no
configure:6173: checking for f90
configure:6203: result: no
configure:6173: checking for pgf90
configure:6203: result: no
configure:6173: checking for pghpf
configure:6203: result: no
configure:6173: checking for epcf90
configure:6203: result: no
configure:6173: checking for gfortran
configure:6189: found /c/MinGW/bin/gfortran
configure:6200: result: gfortran
configure:6226: checking for Fortran 77 compiler version
configure:6234: gfortran --version >&5
GNU Fortran (GCC) 4.6.2
Copyright (C) 2011 Free Software Foundation, Inc.

GNU Fortran comes with NO WARRANTY, to the extent permitted by law.
You may redistribute copies of GNU Fortran
under the terms of the GNU General Public License.
For more information about these matters, see the file named COPYING

configure:6238: $? = 0
configure:6245: gfortran -v >&5
Using built-in specs.
COLLECT_GCC=c:\MinGW\bin\gfortran.exe
COLLECT_LTO_WRAPPER=c:/mingw/bin/../libexec/gcc/mingw32/4.6.2/lto-wrapper.exe
Target: mingw32
Configured with: ../gcc-4.6.2/configure --enable-languages=c,c++,ada,fortran,objc,obj-c++ --disable-sjlj-exceptions --with-dwarf2 --enable-shared --enable-libgomp --disable-win32-registry --enable-libstdcxx-debug --enable-version-specific-runtime-libs --build=mingw32 --prefix=/mingw
Thread model: win32
gcc version 4.6.2 (GCC) 
configure:6249: $? = 0
configure:6256: gfortran -V >&5
gfortran.exe: error: unrecognized option '-V'
gfortran.exe: fatal error: no input files
compilation terminated.
configure:6260: $? = 1
configure:6268: checking whether we are using the GNU Fortran 77 compiler
configure:6287: gfortran -c  conftest.F >&5
configure:6294: $? = 0
configure:6311: result: yes
configure:6317: checking whether gfortran accepts -g
configure:6334: gfortran -c -g conftest.f >&5
configure:6341: $? = 0
configure:6357: result: yes
configure:6390: checking the maximum length of command line arguments
configure:6502: result: 8192
configure:6514: checking command to parse /c/MinGW/bin/nm output from gcc object
configure:6619: gcc -c -g -O2  conftest.c >&5
configure:6622: $? = 0
configure:6626: /c/MinGW/bin/nm conftest.o \| sed -n -e 's/^.*[ 	]\([ABCDGIRSTW][ABCDGIRSTW]*\)[ 	][ 	]*\([_A-Za-z][_A-Za-z0-9]*\)\{0,1\}$/\1 \2 \2/p' \> conftest.nm
configure:6629: $? = 0
cannot find nm_test_var in conftest.nm
configure:6619: gcc -c -g -O2  conftest.c >&5
configure:6622: $? = 0
configure:6626: /c/MinGW/bin/nm conftest.o \| sed -n -e 's/^.*[ 	]\([ABCDGIRSTW][ABCDGIRSTW]*\)[ 	][ 	]*_\([_A-Za-z][_A-Za-z0-9]*\)\{0,1\}$/\1 _\2 \2/p' \> conftest.nm
configure:6629: $? = 0
configure:6681: gcc -o conftest.exe -g -O2   conftest.c conftstm.o >&5
configure:6684: $? = 0
configure:6722: result: ok
configure:6726: checking for objdir
configure:6741: result: .libs
configure:6833: checking for ar
configure:6849: found /c/MinGW/bin/ar
configure:6860: result: ar
configure:6925: checking for ranlib
configure:6941: found /c/MinGW/bin/ranlib
configure:6952: result: ranlib
configure:7017: checking for strip
configure:7033: found /c/MinGW/bin/strip
configure:7044: result: strip
configure:7634: checking if gcc supports -fno-rtti -fno-exceptions
configure:7652: gcc -c -g -O2  -fno-rtti -fno-exceptions conftest.c >&5
cc1.exe: warning: command line option '-fno-rtti' is valid for C++/ObjC++ but not for C [enabled by default]
configure:7656: $? = 0
configure:7669: result: no
configure:7684: checking for gcc option to produce PIC
configure:7916: result: -DDLL_EXPORT
configure:7924: checking if gcc PIC flag -DDLL_EXPORT works
configure:7942: gcc -c -g -O2  -DDLL_EXPORT -DPIC conftest.c >&5
configure:7946: $? = 0
configure:7959: result: yes
configure:7987: checking if gcc static flag -static works
configure:8015: result: yes
configure:8025: checking if gcc supports -c -o file.o
configure:8046: gcc -c -g -O2  -o out/conftest2.o conftest.c >&5
configure:8050: $? = 0
configure:8072: result: yes
configure:8098: checking whether the gcc linker (c:/mingw/mingw32/bin/ld.exe) supports shared libraries
configure:9068: result: yes
configure:9089: checking whether -lc should be explicitly linked in
configure:9094: gcc -c -g -O2  conftest.c >&5
configure:9097: $? = 0
configure:9112: gcc -shared conftest.o  -v -o ./conftest -Wl,--enable-auto-image-base -Xlinker --out-implib -Xlinker conftest 2\>\&1 \| grep  -lc  \>/dev/null 2\>\&1
configure:9115: $? = 1
configure:9127: result: yes
configure:9135: checking dynamic linker characteristics
configure:9737: result: Win32 ld.exe
configure:9761: checking how to hardcode library paths into programs
configure:9786: result: immediate
configure:9800: checking whether stripping libraries is possible
configure:9805: result: yes
configure:10635: checking if libtool supports shared libraries
configure:10637: result: yes
configure:10640: checking whether to build shared libraries
configure:10661: result: yes
configure:10664: checking whether to build static libraries
configure:10668: result: yes
configure:10762: creating libtool
configure:11355: checking for ld used by g++
configure:11422: result: c:/mingw/mingw32/bin/ld.exe
configure:11431: checking if the linker (c:/mingw/mingw32/bin/ld.exe) is GNU ld
configure:11446: result: yes
configure:11497: checking whether the g++ linker (c:/mingw/mingw32/bin/ld.exe) supports shared libraries
configure:12451: result: yes
configure:12468: g++ -c -g -O2  conftest.cpp >&5
configure:12471: $? = 0
configure:12627: checking for g++ option to produce PIC
configure:12911: result: -DDLL_EXPORT
configure:12919: checking if g++ PIC flag -DDLL_EXPORT works
configure:12937: g++ -c -g -O2  -DDLL_EXPORT -DPIC conftest.cpp >&5
configure:12941: $? = 0
configure:12954: result: yes
configure:12982: checking if g++ static flag -static works
configure:13010: result: yes
configure:13020: checking if g++ supports -c -o file.o
configure:13041: g++ -c -g -O2  -o out/conftest2.o conftest.cpp >&5
configure:13045: $? = 0
configure:13067: result: yes
configure:13093: checking whether the g++ linker (c:/mingw/mingw32/bin/ld.exe) supports shared libraries
configure:13119: result: yes
configure:13186: checking dynamic linker characteristics
configure:13736: result: Win32 ld.exe
configure:13760: checking how to hardcode library paths into programs
configure:13785: result: immediate
configure:14324: checking if libtool supports shared libraries
configure:14326: result: yes
configure:14329: checking whether to build shared libraries
configure:14349: result: yes
configure:14352: checking whether to build static libraries
configure:14356: result: yes
configure:14366: checking for gfortran option to produce PIC
configure:14598: result: -DDLL_EXPORT
configure:14606: checking if gfortran PIC flag -DDLL_EXPORT works
configure:14624: gfortran -c -g -O2 -DDLL_EXPORT conftest.f >&5
configure:14628: $? = 0
configure:14641: result: yes
configure:14669: checking if gfortran static flag -static works
configure:14697: result: yes
configure:14707: checking if gfortran supports -c -o file.o
configure:14728: gfortran -c -g -O2 -o out/conftest2.o conftest.f >&5
configure:14732: $? = 0
configure:14754: result: yes
configure:14780: checking whether the gfortran linker (c:/mingw/mingw32/bin/ld.exe) supports shared libraries
configure:15730: result: yes
configure:15797: checking dynamic linker characteristics
configure:16347: result: Win32 ld.exe
configure:16371: checking how to hardcode library paths into programs
configure:16396: result: immediate
configure:19992: checking for doxygen
configure:20025: result: no
configure:20043: checking for swig
configure:20076: result: no
configure:20092: WARNING: Cannot find SWIG. Python module cannot be built.
configure:20119: result: ----- Compiler Feature Checks -----
configure:20133: checking size of bool
configure:20438: g++ -o conftest.exe -g -O2   conftest.cpp  >&5
configure:20442: $? = 0
configure:20448: ./conftest.exe
configure:20452: $? = 0
configure:20478: result: 1
configure:20492: checking size of char
configure:20797: g++ -o conftest.exe -g -O2   conftest.cpp  >&5
configure:20801: $? = 0
configure:20807: ./conftest.exe
configure:20811: $? = 0
configure:20837: result: 1
configure:20848: checking whether char is unsigned
configure:20876: g++ -c -g -O2  conftest.cpp >&5
configure:20883: $? = 0
configure:20898: result: no
configure:20911: checking size of short
configure:21216: g++ -o conftest.exe -g -O2   conftest.cpp  >&5
configure:21220: $? = 0
configure:21226: ./conftest.exe
configure:21230: $? = 0
configure:21256: result: 2
configure:21270: checking size of int
configure:21575: g++ -o conftest.exe -g -O2   conftest.cpp  >&5
configure:21579: $? = 0
configure:21585: ./conftest.exe
configure:21589: $? = 0
configure:21615: result: 4
configure:21629: checking size of long
configure:21934: g++ -o conftest.exe -g -O2   conftest.cpp  >&5
configure:21938: $? = 0
configure:21944: ./conftest.exe
configure:21948: $? = 0
configure:21974: result: 4
configure:21988: checking size of int *
configure:22293: g++ -o conftest.exe -g -O2   conftest.cpp  >&5
configure:22297: $? = 0
configure:22303: ./conftest.exe
configure:22307: $? = 0
configure:22333: result: 4
configure:22347: checking size of size_t
configure:22652: g++ -o conftest.exe -g -O2   conftest.cpp  >&5
configure:22656: $? = 0
configure:22662: ./conftest.exe
configure:22666: $? = 0
configure:22692: result: 4
configure:22707: checking size of float
configure:23012: g++ -o conftest.exe -g -O2   conftest.cpp  >&5
configure:23016: $? = 0
configure:23022: ./conftest.exe
configure:23026: $? = 0
configure:23052: result: 4
configure:23066: checking size of double
configure:23371: g++ -o conftest.exe -g -O2   conftest.cpp  >&5
configure:23375: $? = 0
configure:23381: ./conftest.exe
configure:23385: $? = 0
configure:23411: result: 8
configure:23424: checking for isfinite defined in cmath
configure:23447: g++ -c -g -O2  conftest.cpp >&5
conftest.cpp:29:18: warning: extra tokens at end of #include directive [enabled by default]
configure:23454: $? = 0
configure:23460: result: yep
configure:23483: checking whether byte ordering is bigendian
configure:23508: g++ -c -g -O2  conftest.cpp >&5
conftest.cpp:31:9: error: expected unqualified-id before 'not' token
configure:23515: $? = 1
configure: failed program was:
| /* confdefs.h.  */
| #define PACKAGE_NAME "Loris"
| #define PACKAGE_TARNAME "loris"
| #define PACKAGE_VERSION "1.8"
| #define PACKAGE_STRING "Loris 1.8"
| #define PACKAGE_BUGREPORT "loris@cerlsoundgroup.org"
| #define PACKAGE "loris"
| #define VERSION "1.8"
| #define STDC_HEADERS 1
| #define HAVE_SYS_TYPES_H 1
| #define HAVE_SYS_STAT_H 1
| #define HAVE_STDLIB_H 1
| #define HAVE_STRING_H 1
| #define HAVE_MEMORY_H 1
| #define HAVE_STRINGS_H 1
| #define HAVE_INTTYPES_H 1
| #define HAVE_STDINT_H 1
| #define HAVE_UNISTD_H 1
| #define SIZEOF_BOOL 1
| #define SIZEOF_CHAR 1
| #define SIZEOF_SHORT 2
| #define SIZEOF_INT 4
| #define SIZEOF_LONG 4
| #define SIZEOF_INT_P 4
| #define SIZEOF_SIZE_T 4
| #define SIZEOF_FLOAT 4
| #define SIZEOF_DOUBLE 8
| #define HAVE_ISFINITE 1
| /* end confdefs.h.  */
| #ifndef __APPLE_CC__
| 	       not a universal capable compiler
| 	     #endif
| 	     typedef int dummy;
| 
configure:23565: g++ -c -g -O2  conftest.cpp >&5
configure:23572: $? = 0
configure:23604: g++ -c -g -O2  conftest.cpp >&5
conftest.cpp: In function 'int main()':
conftest.cpp:37:8: error: 'big' was not declared in this scope
conftest.cpp:37:12: error: expected ';' before 'endian'
configure:23611: $? = 1
configure: failed program was:
| /* confdefs.h.  */
| #define PACKAGE_NAME "Loris"
| #define PACKAGE_TARNAME "loris"
| #define PACKAGE_VERSION "1.8"
| #define PACKAGE_STRING "Loris 1.8"
| #define PACKAGE_BUGREPORT "loris@cerlsoundgroup.org"
| #define PACKAGE "loris"
| #define VERSION "1.8"
| #define STDC_HEADERS 1
| #define HAVE_SYS_TYPES_H 1
| #define HAVE_SYS_STAT_H 1
| #define HAVE_STDLIB_H 1
| #define HAVE_STRING_H 1
| #define HAVE_MEMORY_H 1
| #define HAVE_STRINGS_H 1
| #define HAVE_INTTYPES_H 1
| #define HAVE_STDINT_H 1
| #define HAVE_UNISTD_H 1
| #define SIZEOF_BOOL 1
| #define SIZEOF_CHAR 1
| #define SIZEOF_SHORT 2
| #define SIZEOF_INT 4
| #define SIZEOF_LONG 4
| #define SIZEOF_INT_P 4
| #define SIZEOF_SIZE_T 4
| #define SIZEOF_FLOAT 4
| #define SIZEOF_DOUBLE 8
| #define HAVE_ISFINITE 1
| /* end confdefs.h.  */
| #include <sys/types.h>
| 		#include <sys/param.h>
| 
| int
| main ()
| {
| #if BYTE_ORDER != BIG_ENDIAN
| 		 not big endian
| 		#endif
| 
|   ;
|   return 0;
| }
configure:23863: result: no
configure:23891: checking for M_PI defined in cmath
configure:23914: g++ -c -g -O2  conftest.cpp >&5
conftest.cpp:30:18: warning: extra tokens at end of #include directive [enabled by default]
configure:23921: $? = 0
configure:23927: result: yep
configure:23951: checking whether C++ compiler supports template member functions
configure:23975: g++ -c -g -O2  conftest.cpp >&5
configure:23982: $? = 0
configure:23988: result: yes
configure:24013: result: ----- Library Checks -----
configure:24028: checking for library containing sin
configure:24069: gcc -o conftest.exe -g -O2   conftest.c  >&5
conftest.c:38:6: warning: conflicting types for built-in function 'sin' [enabled by default]
configure:24076: $? = 0
configure:24107: result: none required
configure:24116: checking for fftw_execute in -lfftw3
configure:24151: gcc -o conftest.exe -g -O2   conftest.c -lfftw3   >&5
c:/mingw/bin/../lib/gcc/mingw32/4.6.2/../../../../mingw32/bin/ld.exe: cannot find -lfftw3
collect2: ld returned 1 exit status
configure:24158: $? = 1
configure: failed program was:
| /* confdefs.h.  */
| #define PACKAGE_NAME "Loris"
| #define PACKAGE_TARNAME "loris"
| #define PACKAGE_VERSION "1.8"
| #define PACKAGE_STRING "Loris 1.8"
| #define PACKAGE_BUGREPORT "loris@cerlsoundgroup.org"
| #define PACKAGE "loris"
| #define VERSION "1.8"
| #define STDC_HEADERS 1
| #define HAVE_SYS_TYPES_H 1
| #define HAVE_SYS_STAT_H 1
| #define HAVE_STDLIB_H 1
| #define HAVE_STRING_H 1
| #define HAVE_MEMORY_H 1
| #define HAVE_STRINGS_H 1
| #define HAVE_INTTYPES_H 1
| #define HAVE_STDINT_H 1
| #define HAVE_UNISTD_H 1
| #define SIZEOF_BOOL 1
| #define SIZEOF_CHAR 1
| #define SIZEOF_SHORT 2
| #define SIZEOF_INT 4
| #define SIZEOF_LONG 4
| #define SIZEOF_INT_P 4
| #define SIZEOF_SIZE_T 4
| #define SIZEOF_FLOAT 4
| #define SIZEOF_DOUBLE 8
| #define HAVE_ISFINITE 1
| #define HAVE_M_PI 1
| /* end confdefs.h.  */
| 
| /* Override any GCC internal prototype to avoid an error.
|    Use char because int might match the return type of a GCC
|    builtin and then its argument prototype would still apply.  */
| #ifdef __cplusplus
| extern "C"
| #endif
| char fftw_execute ();
| int
| main ()
| {
| return fftw_execute ();
|   ;
|   return 0;
| }
configure:24179: result: no
configure:24188: checking for fftw_create_plan_specific in -lfftw
configure:24223: gcc -o conftest.exe -g -O2   conftest.c -lfftw   >&5
c:/mingw/bin/../lib/gcc/mingw32/4.6.2/../../../../mingw32/bin/ld.exe: cannot find -lfftw
collect2: ld returned 1 exit status
configure:24230: $? = 1
configure: failed program was:
| /* confdefs.h.  */
| #define PACKAGE_NAME "Loris"
| #define PACKAGE_TARNAME "loris"
| #define PACKAGE_VERSION "1.8"
| #define PACKAGE_STRING "Loris 1.8"
| #define PACKAGE_BUGREPORT "loris@cerlsoundgroup.org"
| #define PACKAGE "loris"
| #define VERSION "1.8"
| #define STDC_HEADERS 1
| #define HAVE_SYS_TYPES_H 1
| #define HAVE_SYS_STAT_H 1
| #define HAVE_STDLIB_H 1
| #define HAVE_STRING_H 1
| #define HAVE_MEMORY_H 1
| #define HAVE_STRINGS_H 1
| #define HAVE_INTTYPES_H 1
| #define HAVE_STDINT_H 1
| #define HAVE_UNISTD_H 1
| #define SIZEOF_BOOL 1
| #define SIZEOF_CHAR 1
| #define SIZEOF_SHORT 2
| #define SIZEOF_INT 4
| #define SIZEOF_LONG 4
| #define SIZEOF_INT_P 4
| #define SIZEOF_SIZE_T 4
| #define SIZEOF_FLOAT 4
| #define SIZEOF_DOUBLE 8
| #define HAVE_ISFINITE 1
| #define HAVE_M_PI 1
| /* end confdefs.h.  */
| 
| /* Override any GCC internal prototype to avoid an error.
|    Use char because int might match the return type of a GCC
|    builtin and then its argument prototype would still apply.  */
| #ifdef __cplusplus
| extern "C"
| #endif
| char fftw_create_plan_specific ();
| int
| main ()
| {
| return fftw_create_plan_specific ();
|   ;
|   return 0;
| }
configure:24251: result: no
configure:24260: WARNING: Not using the FFTW library.  Infrequent non-power-of-two DFTs will be slow.
configure:24585: result: ----- Language Checks -----
configure:25186: checking csdl.h usability
configure:25203: gcc -c -g -O2  conftest.c >&5
conftest.c:64:18: fatal error: csdl.h: No such file or directory
compilation terminated.
configure:25210: $? = 1
configure: failed program was:
| /* confdefs.h.  */
| #define PACKAGE_NAME "Loris"
| #define PACKAGE_TARNAME "loris"
| #define PACKAGE_VERSION "1.8"
| #define PACKAGE_STRING "Loris 1.8"
| #define PACKAGE_BUGREPORT "loris@cerlsoundgroup.org"
| #define PACKAGE "loris"
| #define VERSION "1.8"
| #define STDC_HEADERS 1
| #define HAVE_SYS_TYPES_H 1
| #define HAVE_SYS_STAT_H 1
| #define HAVE_STDLIB_H 1
| #define HAVE_STRING_H 1
| #define HAVE_MEMORY_H 1
| #define HAVE_STRINGS_H 1
| #define HAVE_INTTYPES_H 1
| #define HAVE_STDINT_H 1
| #define HAVE_UNISTD_H 1
| #define SIZEOF_BOOL 1
| #define SIZEOF_CHAR 1
| #define SIZEOF_SHORT 2
| #define SIZEOF_INT 4
| #define SIZEOF_LONG 4
| #define SIZEOF_INT_P 4
| #define SIZEOF_SIZE_T 4
| #define SIZEOF_FLOAT 4
| #define SIZEOF_DOUBLE 8
| #define HAVE_ISFINITE 1
| #define HAVE_M_PI 1
| /* end confdefs.h.  */
| #include <stdio.h>
| #ifdef HAVE_SYS_TYPES_H
| # include <sys/types.h>
| #endif
| #ifdef HAVE_SYS_STAT_H
| # include <sys/stat.h>
| #endif
| #ifdef STDC_HEADERS
| # include <stdlib.h>
| # include <stddef.h>
| #else
| # ifdef HAVE_STDLIB_H
| #  include <stdlib.h>
| # endif
| #endif
| #ifdef HAVE_STRING_H
| # if !defined STDC_HEADERS && defined HAVE_MEMORY_H
| #  include <memory.h>
| # endif
| # include <string.h>
| #endif
| #ifdef HAVE_STRINGS_H
| # include <strings.h>
| #endif
| #ifdef HAVE_INTTYPES_H
| # include <inttypes.h>
| #endif
| #ifdef HAVE_STDINT_H
| # include <stdint.h>
| #endif
| #ifdef HAVE_UNISTD_H
| # include <unistd.h>
| #endif
| #include <csdl.h>
configure:25224: result: no
configure:25228: checking csdl.h presence
configure:25243: gcc -E  conftest.c
conftest.c:31:18: fatal error: csdl.h: No such file or directory
compilation terminated.
configure:25250: $? = 1
configure: failed program was:
| /* confdefs.h.  */
| #define PACKAGE_NAME "Loris"
| #define PACKAGE_TARNAME "loris"
| #define PACKAGE_VERSION "1.8"
| #define PACKAGE_STRING "Loris 1.8"
| #define PACKAGE_BUGREPORT "loris@cerlsoundgroup.org"
| #define PACKAGE "loris"
| #define VERSION "1.8"
| #define STDC_HEADERS 1
| #define HAVE_SYS_TYPES_H 1
| #define HAVE_SYS_STAT_H 1
| #define HAVE_STDLIB_H 1
| #define HAVE_STRING_H 1
| #define HAVE_MEMORY_H 1
| #define HAVE_STRINGS_H 1
| #define HAVE_INTTYPES_H 1
| #define HAVE_STDINT_H 1
| #define HAVE_UNISTD_H 1
| #define SIZEOF_BOOL 1
| #define SIZEOF_CHAR 1
| #define SIZEOF_SHORT 2
| #define SIZEOF_INT 4
| #define SIZEOF_LONG 4
| #define SIZEOF_INT_P 4
| #define SIZEOF_SIZE_T 4
| #define SIZEOF_FLOAT 4
| #define SIZEOF_DOUBLE 8
| #define HAVE_ISFINITE 1
| #define HAVE_M_PI 1
| /* end confdefs.h.  */
| #include <csdl.h>
configure:25264: result: no
configure:25297: checking for csdl.h
configure:25306: result: no
configure:25318: WARNING: Cannot find Csound5 headers. Csound5 support disabled.
configure:25659: result: ----- Creating Output Files -----
configure:25845: creating ./config.status

## ---------------------- ##
## Running config.status. ##
## ---------------------- ##

This file was extended by Loris config.status 1.8, which was
generated by GNU Autoconf 2.63.  Invocation command line was

  CONFIG_FILES    = 
  CONFIG_HEADERS  = 
  CONFIG_LINKS    = 
  CONFIG_COMMANDS = 
  $ ./config.status 

on edudell

config.status:853: creating src/loris.h
config.status:853: creating doc/Doxyfile
config.status:853: creating Makefile
config.status:853: creating doc/Makefile
config.status:853: creating src/Makefile
config.status:853: creating scripting/Makefile
config.status:853: creating csound/Makefile
config.status:853: creating test/Makefile
config.status:853: creating utils/Makefile
config.status:853: creating config.h
config.status:1127: executing depfiles commands
configure:27190: result: ----- Configuration Summary -----
configure:27225: result: ----- End Of Configuration -----

## ---------------- ##
## Cache variables. ##
## ---------------- ##

ac_cv_build=i686-pc-mingw32
ac_cv_c_bigendian=no
ac_cv_c_char_unsigned=no
ac_cv_c_compiler_gnu=yes
ac_cv_cxx_compiler_gnu=yes
ac_cv_env_build_alias_set=
ac_cv_env_build_alias_value=
ac_cv_env_CC_set=
ac_cv_env_CC_value=
ac_cv_env_CCC_set=
ac_cv_env_CCC_value=
ac_cv_env_CFLAGS_set=
ac_cv_env_CFLAGS_value=
ac_cv_env_CPP_set=
ac_cv_env_CPP_value=
ac_cv_env_CPPFLAGS_set=
ac_cv_env_CPPFLAGS_value=
ac_cv_env_CSOUND_CONFIG_set=
ac_cv_env_CSOUND_CONFIG_value=
ac_cv_env_CXX_set=
ac_cv_env_CXX_value=
ac_cv_env_CXXCPP_set=
ac_cv_env_CXXCPP_value=
ac_cv_env_CXXFLAGS_set=
ac_cv_env_CXXFLAGS_value=
ac_cv_env_DOXYGEN_set=
ac_cv_env_DOXYGEN_value=
ac_cv_env_F77_set=
ac_cv_env_F77_value=
ac_cv_env_FFLAGS_set=
ac_cv_env_FFLAGS_value=
ac_cv_env_host_alias_set=
ac_cv_env_host_alias_value=
ac_cv_env_LDFLAGS_set=
ac_cv_env_LDFLAGS_value=
ac_cv_env_LIBS_set=
ac_cv_env_LIBS_value=
ac_cv_env_PYTHON_set=
ac_cv_env_PYTHON_value=
ac_cv_env_SWIG_set=
ac_cv_env_SWIG_value=
ac_cv_env_target_alias_set=
ac_cv_env_target_alias_value=
ac_cv_exeext=.exe
ac_cv_f77_compiler_gnu=yes
ac_cv_header_csdl_h=no
ac_cv_header_dlfcn_h=no
ac_cv_header_inttypes_h=yes
ac_cv_header_memory_h=yes
ac_cv_header_stdc=yes
ac_cv_header_stdint_h=yes
ac_cv_header_stdlib_h=yes
ac_cv_header_string_h=yes
ac_cv_header_strings_h=yes
ac_cv_header_sys_stat_h=yes
ac_cv_header_sys_types_h=yes
ac_cv_header_unistd_h=yes
ac_cv_host=i686-pc-mingw32
ac_cv_lib_fftw_fftw_create_plan_specific=no
ac_cv_lib_fftw3_fftw_execute=no
ac_cv_objext=o
ac_cv_path_EGREP='/bin/grep -E'
ac_cv_path_GREP=/bin/grep
ac_cv_path_install='/c/cygwin/bin/install -c'
ac_cv_path_mkdir=/bin/mkdir
ac_cv_prog_ac_ct_AR=ar
ac_cv_prog_ac_ct_CC=gcc
ac_cv_prog_ac_ct_CXX=g++
ac_cv_prog_ac_ct_F77=gfortran
ac_cv_prog_ac_ct_RANLIB=ranlib
ac_cv_prog_ac_ct_STRIP=strip
ac_cv_prog_AWK=gawk
ac_cv_prog_cc_c89=
ac_cv_prog_cc_g=yes
ac_cv_prog_CPP='gcc -E'
ac_cv_prog_cxx_g=yes
ac_cv_prog_CXXCPP='g++ -E'
ac_cv_prog_f77_g=yes
ac_cv_prog_make_make_set=no
ac_cv_search_sin='none required'
ac_cv_sizeof_bool=1
ac_cv_sizeof_char=1
ac_cv_sizeof_double=8
ac_cv_sizeof_float=4
ac_cv_sizeof_int_p=4
ac_cv_sizeof_int=4
ac_cv_sizeof_long=4
ac_cv_sizeof_short=2
ac_cv_sizeof_size_t=4
am_cv_CC_dependencies_compiler_type=none
am_cv_CXX_dependencies_compiler_type=none
lt_cv_deplibs_check_method='file_magic ^x86 archive import|^x86 DLL'
lt_cv_file_magic_cmd=func_win32_libid
lt_cv_file_magic_test_file=
lt_cv_ld_reload_flag=-r
lt_cv_objdir=.libs
lt_cv_path_LD=c:/mingw/mingw32/bin/ld.exe
lt_cv_path_LDCXX=c:/mingw/mingw32/bin/ld.exe
lt_cv_path_NM=/c/MinGW/bin/nm
lt_cv_path_SED=/bin/sed
lt_cv_prog_compiler_c_o_CXX=yes
lt_cv_prog_compiler_c_o_F77=yes
lt_cv_prog_compiler_c_o=yes
lt_cv_prog_compiler_pic_works_CXX=yes
lt_cv_prog_compiler_pic_works_F77=yes
lt_cv_prog_compiler_pic_works=yes
lt_cv_prog_compiler_rtti_exceptions=no
lt_cv_prog_compiler_static_works_CXX=yes
lt_cv_prog_compiler_static_works_F77=yes
lt_cv_prog_compiler_static_works=yes
lt_cv_prog_gnu_ld=yes
lt_cv_prog_gnu_ldcxx=yes
lt_cv_sys_global_symbol_pipe='sed -n -e '\''s/^.*[ 	]\([ABCDGIRSTW][ABCDGIRSTW]*\)[ 	][ 	]*_\([_A-Za-z][_A-Za-z0-9]*\)\{0,1\}$/\1 _\2 \2/p'\'''
lt_cv_sys_global_symbol_to_c_name_address='sed -n -e '\''s/^: \([^ ]*\) $/  {\"\1\", (lt_ptr) 0},/p'\'' -e '\''s/^[BCDEGRST] \([^ ]*\) \([^ ]*\)$/  {"\2", (lt_ptr) \&\2},/p'\'''
lt_cv_sys_global_symbol_to_cdecl='sed -n -e '\''s/^. .* \(.*\)$/extern int \1;/p'\'''
lt_cv_sys_lib_dlsearch_path_spec='/lib /usr/lib'
lt_cv_sys_lib_search_path_spec=' =c:/mingw/bin/../lib/gcc/mingw32/4.6.2/ c:/mingw/bin/../lib/gcc/ c:/mingw/bin/../lib/gcc/mingw32/4.6.2/../../../../mingw32/lib/mingw32/4.6.2/ c:/mingw/bin/../lib/gcc/mingw32/4.6.2/../../../../mingw32/lib/ c:/mingw/bin/../lib/gcc/mingw32/4.6.2/../../../mingw32/4.6.2/ c:/mingw/bin/../lib/gcc/mingw32/4.6.2/../../../ /mingw/lib/mingw32/4.6.2/ /mingw/lib/'
lt_cv_sys_max_cmd_len=8192
lt_lt_cv_prog_compiler_c_o_CXX='"yes"'
lt_lt_cv_prog_compiler_c_o_F77='"yes"'
lt_lt_cv_prog_compiler_c_o='"yes"'
lt_lt_cv_sys_global_symbol_pipe='"sed -n -e '\''s/^.*[ 	]\\([ABCDGIRSTW][ABCDGIRSTW]*\\)[ 	][ 	]*_\\([_A-Za-z][_A-Za-z0-9]*\\)\\{0,1\\}\$/\\1 _\\2 \\2/p'\''"'
lt_lt_cv_sys_global_symbol_to_c_name_address='"sed -n -e '\''s/^: \\([^ ]*\\) \$/  {\\\"\\1\\\", (lt_ptr) 0},/p'\'' -e '\''s/^[BCDEGRST] \\([^ ]*\\) \\([^ ]*\\)\$/  {\"\\2\", (lt_ptr) \\&\\2},/p'\''"'
lt_lt_cv_sys_global_symbol_to_cdecl='"sed -n -e '\''s/^. .* \\(.*\\)\$/extern int \\1;/p'\''"'

## ----------------- ##
## Output variables. ##
## ----------------- ##

ac_aux_dir='config'
ac_ct_CC='gcc'
ac_ct_CXX='g++'
ac_ct_F77='gfortran'
ACLOCAL='${SHELL} /c/src/loris-1.8/config/missing --run aclocal-1.11'
am__EXEEXT_FALSE='#'
am__EXEEXT_TRUE=''
am__fastdepCC_FALSE=''
am__fastdepCC_TRUE='#'
am__fastdepCXX_FALSE=''
am__fastdepCXX_TRUE='#'
am__include='#'
am__isrc=''
am__leading_dot='.'
am__quote=''
am__tar='${AMTAR} chof - "$$tardir"'
am__untar='${AMTAR} xf -'
AMDEP_FALSE='#'
AMDEP_TRUE=''
AMDEPBACKSLASH='\'
AMTAR='${SHELL} /c/src/loris-1.8/config/missing --run tar'
AR='ar'
AUTOCONF='${SHELL} /c/src/loris-1.8/config/missing --run autoconf'
AUTOHEADER='${SHELL} /c/src/loris-1.8/config/missing --run autoheader'
AUTOMAKE='${SHELL} /c/src/loris-1.8/config/missing --run automake-1.11'
AWK='gawk'
bindir='${exec_prefix}/bin'
build_alias=''
build_cpu='i686'
build_os='mingw32'
BUILD_PYTHON_FALSE=''
BUILD_PYTHON_TRUE='#'
build_vendor='pc'
build='i686-pc-mingw32'
CC='gcc'
CCDEPMODE='depmode=none'
CFLAGS='-g -O2'
CPP='gcc -E'
CPPFLAGS=''
CSOUND_CONFIG=''
CSOUND_CXXFLAGS=''
CSOUND_PREFIX=''
CSOUND=''
CXX='g++'
CXXCPP='g++ -E'
CXXDEPMODE='depmode=none'
CXXFLAGS='-g -O2'
CYGPATH_W='cygpath -w'
DARWIN_FALSE=''
DARWIN_TRUE='#'
datadir='${datarootdir}'
datarootdir='${prefix}/share'
DEFS='-DHAVE_CONFIG_H'
DEPDIR='.deps'
docdir='${datarootdir}/doc/${PACKAGE_TARNAME}'
DOXYGEN=''
DSYMUTIL=''
dvidir='${docdir}'
ECHO_C=''
ECHO_N='-n'
ECHO_T=''
ECHO='echo'
EGREP='/bin/grep -E'
exec_prefix='${prefix}'
EXEEXT='.exe'
F77='gfortran'
FFLAGS='-g -O2'
GREP='/bin/grep'
HAVE_CSOUND_FALSE=''
HAVE_CSOUND_TRUE='#'
HAVE_CSOUND4_FALSE=''
HAVE_CSOUND4_TRUE='#'
HAVE_CSOUND5_FALSE=''
HAVE_CSOUND5_TRUE='#'
HAVE_DOXYGEN_FALSE=''
HAVE_DOXYGEN_TRUE='#'
HAVE_SWIG_FALSE=''
HAVE_SWIG_TRUE='#'
host_alias=''
host_cpu='i686'
host_os='mingw32'
host_vendor='pc'
host='i686-pc-mingw32'
htmldir='${docdir}'
includedir='${prefix}/include'
infodir='${datarootdir}/info'
INSTALL_DATA='${INSTALL} -m 644'
INSTALL_PROGRAM='${INSTALL}'
INSTALL_SCRIPT='${INSTALL}'
install_sh='${SHELL} /c/src/loris-1.8/config/install-sh'
INSTALL_STRIP_PROGRAM='$(install_sh) -c -s'
LDFLAGS=''
libdir='${exec_prefix}/lib'
libexecdir='${exec_prefix}/libexec'
LIBOBJS=''
LIBS=''
LIBTOOL_DEPS='config/ltmain.sh'
LIBTOOL='$(SHELL) $(top_builddir)/libtool'
LINK_FFTW=''
LN_S='cp -p'
localedir='${datarootdir}/locale'
localstatedir='${prefix}/var'
LORIS_MAJOR_VERSION='1'
LORIS_MINOR_VERSION='8'
LORIS_SUBMINOR_VERSION=''
LORIS_VERSION_STR='Loris 1.8'
LTLIBOBJS=''
MAKEINFO='${SHELL} /c/src/loris-1.8/config/missing --run makeinfo'
mandir='${datarootdir}/man'
MKDIR_P='/bin/mkdir -p'
mkdir_p='/bin/mkdir -p'
NMEDIT=''
OBJEXT='o'
oldincludedir='/usr/include'
PACKAGE_BUGREPORT='loris@cerlsoundgroup.org'
PACKAGE_NAME='Loris'
PACKAGE_STRING='Loris 1.8'
PACKAGE_TARNAME='loris'
PACKAGE_VERSION='1.8'
PACKAGE='loris'
PATH_SEPARATOR=':'
pdfdir='${docdir}'
pkgpyexecdir=''
pkgpythondir=''
prefix='/usr/local'
program_transform_name='s,x,x,'
psdir='${docdir}'
pyexecdir=''
PYFLAGS=''
PYTHON_EXEC_PREFIX=''
PYTHON_PLATFORM=''
PYTHON_PREFIX=''
PYTHON_VERSION=''
PYTHON=''
pythondir=''
RANLIB='ranlib'
sbindir='${exec_prefix}/sbin'
SED='/bin/sed'
SET_MAKE='MAKE=make'
sharedstatedir='${prefix}/com'
SHELL='/bin/sh'
STRIP='strip'
SWIG=''
sysconfdir='${prefix}/etc'
target_alias=''
VERSION='1.8'

## ----------- ##
## confdefs.h. ##
## ----------- ##

#define PACKAGE_NAME "Loris"
#define PACKAGE_TARNAME "loris"
#define PACKAGE_VERSION "1.8"
#define PACKAGE_STRING "Loris 1.8"
#define PACKAGE_BUGREPORT "loris@cerlsoundgroup.org"
#define PACKAGE "loris"
#define VERSION "1.8"
#define STDC_HEADERS 1
#define HAVE_SYS_TYPES_H 1
#define HAVE_SYS_STAT_H 1
#define HAVE_STDLIB_H 1
#define HAVE_STRING_H 1
#define HAVE_MEMORY_H 1
#define HAVE_STRINGS_H 1
#define HAVE_INTTYPES_H 1
#define HAVE_STDINT_H 1
#define HAVE_UNISTD_H 1
#define SIZEOF_BOOL 1
#define SIZEOF_CHAR 1
#define SIZEOF_SHORT 2
#define SIZEOF_INT 4
#define SIZEOF_LONG 4
#define SIZEOF_INT_P 4
#define SIZEOF_SIZE_T 4
#define SIZEOF_FLOAT 4
#define SIZEOF_DOUBLE 8
#define HAVE_ISFINITE 1
#define HAVE_M_PI 1

configure: exit 0
